{
  "RSpec": {
    "coverage": {
      "/Users/daniel.pepper/code/lib/ruby/pluckit/lib/pluckit.rb": {
        "lines": [
          1,
          1,
          null,
          1,
          1,
          0,
          null,
          null,
          null,
          1,
          1,
          0,
          null,
          null,
          null,
          1,
          1,
          1,
          null,
          null
        ]
      },
      "/Users/daniel.pepper/code/lib/ruby/pluckit/lib/pluckit/pluck.rb": {
        "lines": [
          1,
          1,
          null,
          null,
          1,
          29,
          null,
          null,
          null,
          null,
          29,
          9,
          21,
          null,
          20,
          7,
          19,
          null,
          null,
          13,
          32,
          null,
          null,
          null,
          null,
          null,
          1,
          90,
          48,
          null,
          74,
          null,
          null,
          null,
          null,
          1,
          null,
          1,
          106,
          29,
          77,
          49,
          28,
          1,
          27,
          27,
          null,
          0,
          null,
          null,
          null,
          null
        ]
      }
    },
    "timestamp": 1703742456
  }
}
